This is e-pTeX, Version 3.1415926-p3.4-110825-2.6 (utf8.euc) (TeX Live 2013) (format=platex 2015.12.17)  10 SEP 2020 13:17
entering extended mode
 restricted \write18 enabled.
 file:line:error style messages enabled.
 %&-line parsing enabled.
**Sec1
(./Sec1.tex
pLaTeX2e <2006/11/10> (based on LaTeX2e <2011/06/27> patch level 0)
Babel <3.9k> and hyphenation patterns for 78 languages loaded.
\@input{Common/begin.aux}
\openout2 = `Common/begin.aux'.

(./Common/begin.tex
(/Applications/TeXLive/Library/texlive/2013/texmf-dist/tex/latex/base/article.c
ls
Document Class: article 2007/10/19 v1.4h Standard LaTeX document class

(/Applications/TeXLive/Library/texlive/2013/texmf-dist/tex/latex/base/size11.cl
o
File: size11.clo 2007/10/19 v1.4h Standard LaTeX file (size option)
)
\c@part=\count81
\c@section=\count82
\c@subsection=\count83
\c@subsubsection=\count84
\c@paragraph=\count85
\c@subparagraph=\count86
\c@figure=\count87
\c@table=\count88
\abovecaptionskip=\skip41
\belowcaptionskip=\skip42
\bibindent=\dimen118
)
(/Applications/TeXLive/Library/texlive/2013/texmf-dist/tex/latex/amsmath/amsmat
h.sty
Package: amsmath 2013/01/14 v2.14 AMS math features
\@mathmargin=\skip43

For additional information on amsmath, use the `?' option.

(/Applications/TeXLive/Library/texlive/2013/texmf-dist/tex/latex/amsmath/amstex
t.sty
Package: amstext 2000/06/29 v2.01

(/Applications/TeXLive/Library/texlive/2013/texmf-dist/tex/latex/amsmath/amsgen
.sty
File: amsgen.sty 1999/11/30 v2.0
\@emptytoks=\toks15
\ex@=\dimen119
))
(/Applications/TeXLive/Library/texlive/2013/texmf-dist/tex/latex/amsmath/amsbsy
.sty
Package: amsbsy 1999/11/29 v1.2d
\pmbraise@=\dimen120
)
(/Applications/TeXLive/Library/texlive/2013/texmf-dist/tex/latex/amsmath/amsopn
.sty
Package: amsopn 1999/12/14 v2.01 operator names
)
\inf@bad=\count89
LaTeX Info: Redefining \frac on input line 210.
\uproot@=\count90
\leftroot@=\count91
LaTeX Info: Redefining \overline on input line 306.
\classnum@=\count92
\DOTSCASE@=\count93
LaTeX Info: Redefining \ldots on input line 378.
LaTeX Info: Redefining \dots on input line 381.
LaTeX Info: Redefining \cdots on input line 466.
\Mathstrutbox@=\box41
\strutbox@=\box42
\big@size=\dimen121
LaTeX Font Info:    Redeclaring font encoding OML on input line 566.
LaTeX Font Info:    Redeclaring font encoding OMS on input line 567.
\macc@depth=\count94
\c@MaxMatrixCols=\count95
\dotsspace@=\muskip10
\c@parentequation=\count96
\dspbrk@lvl=\count97
\tag@help=\toks16
\row@=\count98
\column@=\count99
\maxfields@=\count100
\andhelp@=\toks17
\eqnshift@=\dimen122
\alignsep@=\dimen123
\tagshift@=\dimen124
\tagwidth@=\dimen125
\totwidth@=\dimen126
\lineht@=\dimen127
\@envbody=\toks18
\multlinegap=\skip44
\multlinetaggap=\skip45
\mathdisplay@stack=\toks19
LaTeX Info: Redefining \[ on input line 2665.
LaTeX Info: Redefining \] on input line 2666.
)
(/Applications/TeXLive/Library/texlive/2013/texmf-dist/tex/latex/amsfonts/amssy
mb.sty
Package: amssymb 2013/01/14 v3.01 AMS font symbols

(/Applications/TeXLive/Library/texlive/2013/texmf-dist/tex/latex/amsfonts/amsfo
nts.sty
Package: amsfonts 2013/01/14 v3.01 Basic AMSFonts support
\symAMSa=\mathgroup4
\symAMSb=\mathgroup5
LaTeX Font Info:    Overwriting math alphabet `\mathfrak' in version `bold'
(Font)                  U/euf/m/n --> U/euf/b/n on input line 106.
))
(/Applications/TeXLive/Library/texlive/2013/texmf-dist/tex/latex/amscls/amsthm.
sty
Package: amsthm 2004/08/06 v2.20
\thm@style=\toks20
\thm@bodyfont=\toks21
\thm@headfont=\toks22
\thm@notefont=\toks23
\thm@headpunct=\toks24
\thm@preskip=\skip46
\thm@postskip=\skip47
\thm@headsep=\skip48
\dth@everypar=\toks25
)
(/Applications/TeXLive/Library/texlive/2013/texmf-dist/tex/platex/base/ascmac.s
ty
(/Applications/TeXLive/Library/texlive/2013/texmf-dist/tex/platex/base/tascmac.
sty
\@savetbaselineshift=\dimen128
\@saveybaselineshift=\dimen129
\scb@x=\box43
\scscb@x=\box44
\@bw=\dimen130
\@nbox=\box45
\@nbody=\box46
\@scw=\dimen131
\@itemh=\dimen132
\@iboxpos=\toks26
\@iboxstr=\box47
\@bwsp=\box48
\@@bwsp=\box49
\@bcal=\count101
\shaderule=\dimen133
))
(/Applications/TeXLive/Library/texlive/2013/texmf-dist/tex/latex/float/float.st
y
Package: float 2001/11/08 v1.3d Float enhancements (AL)
\c@float@type=\count102
\float@exts=\toks27
\float@box=\box50
\@float@everytoks=\toks28
\@floatcapt=\box51
)
(/Applications/TeXLive/Library/texlive/2013/texmf-dist/tex/latex/graphics/graph
icx.sty
Package: graphicx 1999/02/16 v1.0f Enhanced LaTeX Graphics (DPC,SPQR)

(/Applications/TeXLive/Library/texlive/2013/texmf-dist/tex/latex/graphics/keyva
l.sty
Package: keyval 1999/03/16 v1.13 key=value parser (DPC)
\KV@toks@=\toks29
)
(/Applications/TeXLive/Library/texlive/2013/texmf-dist/tex/latex/graphics/graph
ics.sty
Package: graphics 2009/02/05 v1.0o Standard LaTeX Graphics (DPC,SPQR)

(/Applications/TeXLive/Library/texlive/2013/texmf-dist/tex/latex/graphics/trig.
sty
Package: trig 1999/03/16 v1.09 sin cos tan (DPC)
)
(/Applications/TeXLive/Library/texlive/2013/texmf-dist/tex/latex/latexconfig/gr
aphics.cfg
File: graphics.cfg 2010/04/23 v1.9 graphics configuration of TeX Live
)
Package graphics Info: Driver file: dvipdfmx.def on input line 91.

(/Applications/TeXLive/Library/texlive/2013/texmf-dist/tex/latex/dvipdfmx-def/d
vipdfmx.def
File: dvipdfmx.def 2014/06/07 v3.6 LaTeX graphics driver for dvipdfmx (TeX Live
/ChoF)
))
\Gin@req@height=\dimen134
\Gin@req@width=\dimen135
)
(/Applications/TeXLive/Library/texlive/2013/texmf-dist/tex/latex/tools/showkeys
.sty
Package: showkeys 2007/08/07 v3.15 Show cite and label keys (DPC, MH)
)
(/Applications/TeXLive/Library/texlive/2013/texmf-dist/tex/latex/graphics/color
.sty
Package: color 2005/11/14 v1.0j Standard LaTeX Color (DPC)

(/Applications/TeXLive/Library/texlive/2013/texmf-dist/tex/latex/latexconfig/co
lor.cfg
File: color.cfg 2007/01/18 v1.5 color configuration of teTeX/TeXLive
)
Package color Info: Driver file: dvips.def on input line 130.

(/Applications/TeXLive/Library/texlive/2013/texmf-dist/tex/latex/graphics/dvips
.def
File: dvips.def 1999/02/16 v3.0i Driver-dependant file (DPC,SPQR)
)
(/Applications/TeXLive/Library/texlive/2013/texmf-dist/tex/latex/graphics/dvips
nam.def
File: dvipsnam.def 1999/02/16 v3.0i Driver-dependant file (DPC,SPQR)
))
(/Applications/TeXLive/Library/texlive/2013/texmf-dist/tex/generic/xypic/xy.sty

(/Applications/TeXLive/Library/texlive/2013/texmf-dist/tex/generic/xypic/xy.tex
Bootstrap'ing: catcodes, docmode,
(/Applications/TeXLive/Library/texlive/2013/texmf-dist/tex/generic/xypic/xyreca
t.tex)
(/Applications/TeXLive/Library/texlive/2013/texmf-dist/tex/generic/xypic/xyidio
ms.tex)

 Xy-pic version 3.8.9 <2013/10/06>
 Copyright (c) 1991-2013 by Kristoffer H. Rose <krisrose@tug.org> and others
 Xy-pic is free software: see the User's Guide for details.

Loading kernel: messages; fonts; allocations: state,
\X@c=\dimen136
\Y@c=\dimen137
\U@c=\dimen138
\D@c=\dimen139
\L@c=\dimen140
\R@c=\dimen141
\Edge@c=\toks30
\X@p=\dimen142
\Y@p=\dimen143
\U@p=\dimen144
\D@p=\dimen145
\L@p=\dimen146
\R@p=\dimen147
\Edge@p=\toks31
\X@origin=\dimen148
\Y@origin=\dimen149
\X@xbase=\dimen150
\Y@xbase=\dimen151
\X@ybase=\dimen152
\Y@ybase=\dimen153
\X@min=\dimen154
\Y@min=\dimen155
\X@max=\dimen156
\Y@max=\dimen157
\lastobjectbox@=\box52
\zerodotbox@=\box53
\almostz@=\dimen158
 direction,
\d@X=\dimen159
\d@Y=\dimen160
\K@=\count103
\KK@=\count104
\Direction=\count105
\K@dXdY=\dimen161
\K@dYdX=\dimen162
\xyread@=\read1
\xywrite@=\write3
\csp@=\count106
\quotPTK@=\dimen163

utility macros; pictures: \xy, positions,
\swaptoks@@=\toks32
\connectobjectbox@@=\box54
 objects,
\styletoks@=\toks33
 decorations;
kernel objects: directionals, circles, text; options; algorithms: directions,
edges, connections;  Xy-pic loaded)
(/Applications/TeXLive/Library/texlive/2013/texmf-dist/tex/generic/oberdiek/ifp
df.sty
Package: ifpdf 2011/01/30 v2.3 Provides the ifpdf switch (HO)
Package ifpdf Info: pdfTeX in PDF mode is not detected.
)
Package: xy 2013/10/06 Xy-pic version 3.8.9

(/Applications/TeXLive/Library/texlive/2013/texmf-dist/tex/generic/xypic/xyall.
tex  Xy-pic option: All features v.3.8
(/Applications/TeXLive/Library/texlive/2013/texmf-dist/tex/generic/xypic/xycurv
e.tex  Xy-pic option: Curve and Spline extension v.3.12 curve,
\crv@cnt@=\count107
\crvpts@=\toks34
\splinebox@=\box55
\splineval@=\dimen164
\splinedepth@=\dimen165
\splinetol@=\dimen166
\splinelength@=\dimen167
 circles,
\L@=\dimen168
 loaded)
(/Applications/TeXLive/Library/texlive/2013/texmf-dist/tex/generic/xypic/xyfram
e.tex  Xy-pic option: Frame and Bracket extension v.3.14 loaded)
(/Applications/TeXLive/Library/texlive/2013/texmf-dist/tex/generic/xypic/xycmti
p.tex  Xy-pic option: Computer Modern tip extension v.3.7
(/Applications/TeXLive/Library/texlive/2013/texmf-dist/tex/generic/xypic/xytips
.tex  Xy-pic option: More Tips extension v.3.11 loaded) loaded)
(/Applications/TeXLive/Library/texlive/2013/texmf-dist/tex/generic/xypic/xyline
.tex  Xy-pic option: Line styles extension v.3.10
\xylinethick@=\dimen169
 loaded)
(/Applications/TeXLive/Library/texlive/2013/texmf-dist/tex/generic/xypic/xyrota
te.tex  Xy-pic option: Rotate and Scale extension v.3.8 loaded)
(/Applications/TeXLive/Library/texlive/2013/texmf-dist/tex/generic/xypic/xycolo
r.tex  Xy-pic option: Colour extension v.3.11 loaded)
(/Applications/TeXLive/Library/texlive/2013/texmf-dist/tex/generic/xypic/xymatr
ix.tex  Xy-pic option: Matrix feature v.3.14
\Row=\count108
\Col=\count109
\queue@=\toks35
\queue@@=\toks36
\qcount@=\count110
\qcount@@=\count111
\matrixsize@=\count112
 loaded)
(/Applications/TeXLive/Library/texlive/2013/texmf-dist/tex/generic/xypic/xyarro
w.tex  Xy-pic option: Arrow and Path feature v.3.9 path, \ar, loaded)
(/Applications/TeXLive/Library/texlive/2013/texmf-dist/tex/generic/xypic/xygrap
h.tex  Xy-pic option: Graph feature v.3.11 loaded) loaded))
(/Applications/TeXLive/Library/texlive/2013/texmf-dist/tex/latex/hyperref/hyper
ref.sty
Package: hyperref 2012/11/06 v6.83m Hypertext links for LaTeX

(/Applications/TeXLive/Library/texlive/2013/texmf-dist/tex/generic/oberdiek/hob
sub-hyperref.sty
Package: hobsub-hyperref 2012/05/28 v1.13 Bundle oberdiek, subset hyperref (HO)


(/Applications/TeXLive/Library/texlive/2013/texmf-dist/tex/generic/oberdiek/hob
sub-generic.sty
Package: hobsub-generic 2012/05/28 v1.13 Bundle oberdiek, subset generic (HO)
Package: hobsub 2012/05/28 v1.13 Construct package bundles (HO)
Package: infwarerr 2010/04/08 v1.3 Providing info/warning/error messages (HO)
Package: ltxcmds 2011/11/09 v1.22 LaTeX kernel commands for general use (HO)
Package: ifluatex 2010/03/01 v1.3 Provides the ifluatex switch (HO)
Package ifluatex Info: LuaTeX not detected.
Package: ifvtex 2010/03/01 v1.5 Detect VTeX and its facilities (HO)
Package ifvtex Info: VTeX not detected.
Package: intcalc 2007/09/27 v1.1 Expandable calculations with integers (HO)
Package hobsub Info: Skipping package `ifpdf' (already loaded).
Package: etexcmds 2011/02/16 v1.5 Avoid name clashes with e-TeX commands (HO)
Package etexcmds Info: Could not find \expanded.
(etexcmds)             That can mean that you are not using pdfTeX 1.50 or
(etexcmds)             that some package has redefined \expanded.
(etexcmds)             In the latter case, load this package earlier.
Package: kvsetkeys 2012/04/25 v1.16 Key value parser (HO)
Package: kvdefinekeys 2011/04/07 v1.3 Define keys (HO)
Package: pdftexcmds 2011/11/29 v0.20 Utility functions of pdfTeX for LuaTeX (HO
)
Package pdftexcmds Info: LuaTeX not detected.
Package pdftexcmds Info: pdfTeX >= 1.30 not detected.
Package pdftexcmds Info: \pdf@primitive is not available.
Package pdftexcmds Info: \pdf@ifprimitive is not available.
Package pdftexcmds Info: \pdfdraftmode not found.
Package: pdfescape 2011/11/25 v1.13 Implements pdfTeX's escape features (HO)
Package: bigintcalc 2012/04/08 v1.3 Expandable calculations on big integers (HO
)
Package: bitset 2011/01/30 v1.1 Handle bit-vector datatype (HO)
Package: uniquecounter 2011/01/30 v1.2 Provide unlimited unique counter (HO)
)
Package hobsub Info: Skipping package `hobsub' (already loaded).
Package: letltxmacro 2010/09/02 v1.4 Let assignment for LaTeX macros (HO)
Package: hopatch 2012/05/28 v1.2 Wrapper for package hooks (HO)
Package: xcolor-patch 2011/01/30 xcolor patch
Package: atveryend 2011/06/30 v1.8 Hooks at the very end of document (HO)
Package atveryend Info: \enddocument detected (standard20110627).
Package: atbegshi 2011/10/05 v1.16 At begin shipout hook (HO)
Package: refcount 2011/10/16 v3.4 Data extraction from label references (HO)
Package: hycolor 2011/01/30 v1.7 Color options for hyperref/bookmark (HO)
)
(/Applications/TeXLive/Library/texlive/2013/texmf-dist/tex/generic/ifxetex/ifxe
tex.sty
Package: ifxetex 2010/09/12 v0.6 Provides ifxetex conditional
)
(/Applications/TeXLive/Library/texlive/2013/texmf-dist/tex/latex/oberdiek/auxho
ok.sty
Package: auxhook 2011/03/04 v1.3 Hooks for auxiliary files (HO)
)
(/Applications/TeXLive/Library/texlive/2013/texmf-dist/tex/latex/oberdiek/kvopt
ions.sty
Package: kvoptions 2011/06/30 v3.11 Key value format for package options (HO)
)
\@linkdim=\dimen170
\Hy@linkcounter=\count113
\Hy@pagecounter=\count114

(/Applications/TeXLive/Library/texlive/2013/texmf-dist/tex/latex/hyperref/pd1en
c.def
File: pd1enc.def 2012/11/06 v6.83m Hyperref: PDFDocEncoding definition (HO)
)
\Hy@SavedSpaceFactor=\count115

(/Applications/TeXLive/Library/texlive/2013/texmf-dist/tex/latex/latexconfig/hy
perref.cfg
File: hyperref.cfg 2002/06/06 v1.2 hyperref configuration of TeXLive
)
Package hyperref Info: Option `bookmarksnumbered' set `true' on input line 4319
.
Package hyperref Info: Option `colorlinks' set `true' on input line 4319.
Package hyperref Info: Option `linktocpage' set `true' on input line 4319.
Package hyperref Info: Hyper figures OFF on input line 4443.
Package hyperref Info: Link nesting OFF on input line 4448.
Package hyperref Info: Hyper index ON on input line 4451.
Package hyperref Info: Plain pages OFF on input line 4458.
Package hyperref Info: Backreferencing OFF on input line 4463.
Package hyperref Info: Implicit mode ON; LaTeX internals redefined.
Package hyperref Info: Bookmarks ON on input line 4688.
\c@Hy@tempcnt=\count116

(/Applications/TeXLive/Library/texlive/2013/texmf-dist/tex/latex/url/url.sty
\Urlmuskip=\muskip11
Package: url 2013/09/16  ver 3.4  Verb mode for urls, etc.
)
LaTeX Info: Redefining \url on input line 5041.
\XeTeXLinkMargin=\dimen171
\Fld@menulength=\count117
\Field@Width=\dimen172
\Fld@charsize=\dimen173
Package hyperref Info: Hyper figures OFF on input line 6295.
Package hyperref Info: Link nesting OFF on input line 6300.
Package hyperref Info: Hyper index ON on input line 6303.
Package hyperref Info: backreferencing OFF on input line 6310.
Package hyperref Info: Link coloring ON on input line 6313.
Package hyperref Info: Link coloring with OCG OFF on input line 6320.
Package hyperref Info: PDF/A mode OFF on input line 6325.
LaTeX Info: Redefining \ref on input line 6365.
LaTeX Info: Redefining \pageref on input line 6369.
\Hy@abspage=\count118
\c@Item=\count119
\c@Hfootnote=\count120
)

Package hyperref Message: Driver: hdvipdfm.


(/Applications/TeXLive/Library/texlive/2013/texmf-dist/tex/latex/hyperref/hdvip
dfm.def
File: hdvipdfm.def 2012/11/06 v6.83m Hyperref driver for dvipdfm
\pdfm@box=\box56
\c@Hy@AnnotLevel=\count121
\HyField@AnnotCount=\count122
\Fld@listcount=\count123
\c@bookmark@seq@number=\count124

(/Applications/TeXLive/Library/texlive/2013/texmf-dist/tex/latex/oberdiek/rerun
filecheck.sty
Package: rerunfilecheck 2011/04/15 v1.7 Rerun checks for auxiliary files (HO)
Package rerunfilecheck Info: Feature \pdfmdfivesum is not available
(rerunfilecheck)             (e.g. pdfTeX or LuaTeX with package `pdftexcmds').

(rerunfilecheck)             Therefore file contents cannot be checked efficien
tly
(rerunfilecheck)             and the loading of the package is aborted.
)
\Hy@SectionHShift=\skip49
)
Package color Info: Redefining color refkey on input line 17.
)
\@input{Common/begin2.aux}
\openout2 = `Common/begin2.aux'.

(./Common/begin2.tex (./Sec1.aux (./Common/endbib.aux))
\openout1 = `Sec1.aux'.

LaTeX Font Info:    Checking defaults for OML/cmm/m/it on input line 1.
LaTeX Font Info:    ... okay on input line 1.
LaTeX Font Info:    Checking defaults for T1/cmr/m/n on input line 1.
LaTeX Font Info:    ... okay on input line 1.
LaTeX Font Info:    Checking defaults for OT1/cmr/m/n on input line 1.
LaTeX Font Info:    ... okay on input line 1.
LaTeX Font Info:    Checking defaults for OMS/cmsy/m/n on input line 1.
LaTeX Font Info:    ... okay on input line 1.
LaTeX Font Info:    Checking defaults for OMX/cmex/m/n on input line 1.
LaTeX Font Info:    ... okay on input line 1.
LaTeX Font Info:    Checking defaults for U/cmr/m/n on input line 1.
LaTeX Font Info:    ... okay on input line 1.
LaTeX Font Info:    Checking defaults for JY1/mc/m/n on input line 1.
LaTeX Font Info:    ... okay on input line 1.
LaTeX Font Info:    Checking defaults for JT1/mc/m/n on input line 1.
LaTeX Font Info:    ... okay on input line 1.
LaTeX Font Info:    Checking defaults for PD1/pdf/m/n on input line 1.
LaTeX Font Info:    ... okay on input line 1.
\AtBeginShipoutBox=\box57
Package hyperref Info: Link coloring ON on input line 1.

(/Applications/TeXLive/Library/texlive/2013/texmf-dist/tex/latex/hyperref/namer
ef.sty
Package: nameref 2012/10/27 v2.43 Cross-referencing by name of section

(/Applications/TeXLive/Library/texlive/2013/texmf-dist/tex/generic/oberdiek/get
titlestring.sty
Package: gettitlestring 2010/12/03 v1.4 Cleanup title references (HO)
)
\c@section@level=\count125
)
LaTeX Info: Redefining \ref on input line 1.
LaTeX Info: Redefining \pageref on input line 1.
LaTeX Info: Redefining \nameref on input line 1.
 (./Sec1.out) (./Sec1.out)
\@outlinefile=\write4
\openout4 = `Sec1.out'.

)
LaTeX Font Info:    Font shape `JT1/mc/bx/n' in size <14.4> not available
(Font)              Font shape `JT1/gt/m/n' tried instead on input line 7.
LaTeX Font Info:    Font shape `JY1/mc/bx/n' in size <14.4> not available
(Font)              Font shape `JY1/gt/m/n' tried instead on input line 7.
 [1





]
\openout2 = `Common/endbib.aux'.

 (./Common/endbib.tex
No file Sec1.bbl.
Package atveryend Info: Empty hook `BeforeClearDocument' on input line 7.
Package atveryend Info: Empty hook `AfterLastShipout' on input line 7.
(./Sec1.aux (./Common/endbib.aux))
Package atveryend Info: Empty hook `AtVeryEndDocument' on input line 7.
Package atveryend Info: Empty hook `AtEndAfterFileList' on input line 7.
Package atveryend Info: Empty hook `AtVeryVeryEnd' on input line 7.
 ) )
(\end occurred when \iftrue on line 22 was incomplete)
(\end occurred when \ifnum on line 22 was incomplete) 
Here is how much of TeX's memory you used:
 8092 strings out of 494001
 112630 string characters out of 6147733
 231999 words of memory out of 5000000
 11448 multiletter control sequences out of 15000+600000
 11361 words of font info for 50 fonts, out of 8000000 for 9000
 745 hyphenation exceptions out of 8191
 33i,5n,28p,343b,331s stack positions out of 5000i,500n,10000p,200000b,80000s

Output written on Sec1.dvi (1 page, 892 bytes).
