This is LuaTeX, Version beta-0.76.0-2013061817 (rev 4627)  (format=lualatex 2015.12.17)  16 OCT 2020 10:10
 restricted \write18 enabled.
 file:line:error style messages enabled.
**Sec2.tex
(./Sec2.tex
LaTeX2e <2011/06/27>
Babel <3.9k> and hyphenation patterns for 78 languages loaded.
\@input{Common/begin_special.aux}
(./Common/begin_special.tex
(/Applications/TeXLive/Library/texlive/2013/texmf-dist/tex/latex/base/article.c
ls
Document Class: article 2007/10/19 v1.4h Standard LaTeX document class

(/Applications/TeXLive/Library/texlive/2013/texmf-dist/tex/latex/base/size11.cl
o
File: size11.clo 2007/10/19 v1.4h Standard LaTeX file (size option)
)
\c@part=\count79
\c@section=\count80
\c@subsection=\count81
\c@subsubsection=\count82
\c@paragraph=\count83
\c@subparagraph=\count84
\c@figure=\count85
\c@table=\count86
\abovecaptionskip=\skip41
\belowcaptionskip=\skip42
\bibindent=\dimen102
)
(/Applications/TeXLive/Library/texlive/2013/texmf-dist/tex/latex/amsmath/amsmat
h.sty
Package: amsmath 2013/01/14 v2.14 AMS math features
\@mathmargin=\skip43

For additional information on amsmath, use the `?' option.

(/Applications/TeXLive/Library/texlive/2013/texmf-dist/tex/latex/amsmath/amstex
t.sty
Package: amstext 2000/06/29 v2.01

(/Applications/TeXLive/Library/texlive/2013/texmf-dist/tex/latex/amsmath/amsgen
.sty
File: amsgen.sty 1999/11/30 v2.0
\@emptytoks=\toks14
\ex@=\dimen103
))
(/Applications/TeXLive/Library/texlive/2013/texmf-dist/tex/latex/amsmath/amsbsy
.sty
Package: amsbsy 1999/11/29 v1.2d
\pmbraise@=\dimen104
)
(/Applications/TeXLive/Library/texlive/2013/texmf-dist/tex/latex/amsmath/amsopn
.sty
Package: amsopn 1999/12/14 v2.01 operator names
)
\inf@bad=\count87
LaTeX Info: Redefining \frac on input line 210.
\uproot@=\count88
\leftroot@=\count89
LaTeX Info: Redefining \overline on input line 306.
\classnum@=\count90
\DOTSCASE@=\count91
LaTeX Info: Redefining \ldots on input line 378.
LaTeX Info: Redefining \dots on input line 381.
LaTeX Info: Redefining \cdots on input line 466.
\Mathstrutbox@=\box26
\strutbox@=\box27
\big@size=\dimen105
LaTeX Font Info:    Redeclaring font encoding OML on input line 566.
LaTeX Font Info:    Redeclaring font encoding OMS on input line 567.
\macc@depth=\count92
\c@MaxMatrixCols=\count93
\dotsspace@=\muskip10
\c@parentequation=\count94
\dspbrk@lvl=\count95
\tag@help=\toks15
\row@=\count96
\column@=\count97
\maxfields@=\count98
\andhelp@=\toks16
\eqnshift@=\dimen106
\alignsep@=\dimen107
\tagshift@=\dimen108
\tagwidth@=\dimen109
\totwidth@=\dimen110
\lineht@=\dimen111
\@envbody=\toks17
\multlinegap=\skip44
\multlinetaggap=\skip45
\mathdisplay@stack=\toks18
LaTeX Info: Redefining \[ on input line 2665.
LaTeX Info: Redefining \] on input line 2666.
)
(/Applications/TeXLive/Library/texlive/2013/texmf-dist/tex/latex/amsfonts/amssy
mb.sty
Package: amssymb 2013/01/14 v3.01 AMS font symbols

(/Applications/TeXLive/Library/texlive/2013/texmf-dist/tex/latex/amsfonts/amsfo
nts.sty
Package: amsfonts 2013/01/14 v3.01 Basic AMSFonts support
\symAMSa=\mathgroup4
\symAMSb=\mathgroup5
LaTeX Font Info:    Overwriting math alphabet `\mathfrak' in version `bold'
(Font)                  U/euf/m/n --> U/euf/b/n on input line 106.
))
(/Applications/TeXLive/Library/texlive/2013/texmf-dist/tex/latex/amscls/amsthm.
sty
Package: amsthm 2004/08/06 v2.20
\thm@style=\toks19
\thm@bodyfont=\toks20
\thm@headfont=\toks21
\thm@notefont=\toks22
\thm@headpunct=\toks23
\thm@preskip=\skip46
\thm@postskip=\skip47
\thm@headsep=\skip48
\dth@everypar=\toks24
)
(/Applications/TeXLive/Library/texlive/2013/texmf-dist/tex/platex/base/ascmac.s
ty
(/Applications/TeXLive/Library/texlive/2013/texmf-dist/tex/platex/base/tascmac.
sty
\@savetbaselineshift=\dimen112
\@saveybaselineshift=\dimen113
\scb@x=\box28
\scscb@x=\box29
\@bw=\dimen114
\@nbox=\box30
\@nbody=\box31
\@scw=\dimen115
\@itemh=\dimen116
\@iboxpos=\toks25
\@iboxstr=\box32
\@bwsp=\box33
\@@bwsp=\box34
\@bcal=\count99
\shaderule=\dimen117
))
(/Applications/TeXLive/Library/texlive/2013/texmf-dist/tex/latex/float/float.st
y
Package: float 2001/11/08 v1.3d Float enhancements (AL)
\c@float@type=\count100
\float@exts=\toks26
\float@box=\box35
\@float@everytoks=\toks27
\@floatcapt=\box36
)
(/Applications/TeXLive/Library/texlive/2013/texmf-dist/tex/latex/graphics/graph
icx.sty
Package: graphicx 1999/02/16 v1.0f Enhanced LaTeX Graphics (DPC,SPQR)

(/Applications/TeXLive/Library/texlive/2013/texmf-dist/tex/latex/graphics/keyva
l.sty
Package: keyval 1999/03/16 v1.13 key=value parser (DPC)
\KV@toks@=\toks28
)
(/Applications/TeXLive/Library/texlive/2013/texmf-dist/tex/latex/graphics/graph
ics.sty
Package: graphics 2009/02/05 v1.0o Standard LaTeX Graphics (DPC,SPQR)

(/Applications/TeXLive/Library/texlive/2013/texmf-dist/tex/latex/graphics/trig.
sty
Package: trig 1999/03/16 v1.09 sin cos tan (DPC)
)
(/Applications/TeXLive/Library/texlive/2013/texmf-dist/tex/latex/latexconfig/gr
aphics.cfg
File: graphics.cfg 2010/04/23 v1.9 graphics configuration of TeX Live
)
Package graphics Info: Driver file: pdftex.def on input line 91.

(/Applications/TeXLive/Library/texlive/2013/texmf-dist/tex/latex/pdftex-def/pdf
tex.def
File: pdftex.def 2011/05/27 v0.06d Graphics/color for pdfTeX

(/Applications/TeXLive/Library/texlive/2013/texmf-dist/tex/generic/oberdiek/inf
warerr.sty
Package: infwarerr 2010/04/08 v1.3 Providing info/warning/error messages (HO)
)
(/Applications/TeXLive/Library/texlive/2013/texmf-dist/tex/generic/oberdiek/ltx
cmds.sty
Package: ltxcmds 2011/11/09 v1.22 LaTeX kernel commands for general use (HO)
)
(/Applications/TeXLive/Library/texlive/2013/texmf-dist/tex/generic/oberdiek/pdf
texcmds.sty
Package: pdftexcmds 2011/11/29 v0.20 Utility functions of pdfTeX for LuaTeX (HO)


(/Applications/TeXLive/Library/texlive/2013/texmf-dist/tex/generic/oberdiek/ifl
uatex.sty
Package: ifluatex 2010/03/01 v1.3 Provides the ifluatex switch (HO)
Package ifluatex Info: LuaTeX detected.
)
(/Applications/TeXLive/Library/texlive/2013/texmf-dist/tex/generic/oberdiek/ifp
df.sty
Package: ifpdf 2011/01/30 v2.3 Provides the ifpdf switch (HO)
Package ifpdf Info: pdfTeX in PDF mode is detected.
)
Package pdftexcmds Info: \pdf@primitive is available.
Package pdftexcmds Info: \pdf@ifprimitive is available.
Package pdftexcmds Info: \pdfdraftmode found.

(/Applications/TeXLive/Library/texlive/2013/texmf-dist/tex/generic/oberdiek/lua
tex-loader.sty
Package: luatex-loader 2010/03/09 v0.4 Lua module loader (HO)

(/Applications/TeXLive/Library/texlive/2013/texmf-dist/scripts/oberdiek/oberdiek
.luatex.lua))
\pdftexcmds@toks=\toks29
)
\Gread@gobject=\count101
))
\Gin@req@height=\dimen118
\Gin@req@width=\dimen119
)
(/Applications/TeXLive/Library/texlive/2013/texmf-dist/tex/latex/tools/showkeys
.sty
Package: showkeys 2007/08/07 v3.15 Show cite and label keys (DPC, MH)
)
(/Applications/TeXLive/Library/texlive/2013/texmf-dist/tex/latex/graphics/color
.sty
Package: color 2005/11/14 v1.0j Standard LaTeX Color (DPC)

(/Applications/TeXLive/Library/texlive/2013/texmf-dist/tex/latex/latexconfig/co
lor.cfg
File: color.cfg 2007/01/18 v1.5 color configuration of teTeX/TeXLive
)
Package color Info: Driver file: pdftex.def on input line 130.
)
(/Applications/TeXLive/Library/texlive/2013/texmf-dist/tex/generic/xypic/xy.sty

(/Applications/TeXLive/Library/texlive/2013/texmf-dist/tex/generic/xypic/xy.tex
Bootstrap'ing: catcodes, docmode,
(/Applications/TeXLive/Library/texlive/2013/texmf-dist/tex/generic/xypic/xyreca
t.tex)
(/Applications/TeXLive/Library/texlive/2013/texmf-dist/tex/generic/xypic/xyidio
ms.tex)

 Xy-pic version 3.8.9 <2013/10/06>
 Copyright (c) 1991-2013 by Kristoffer H. Rose <krisrose@tug.org> and others
 Xy-pic is free software: see the User's Guide for details.

Loading kernel: messages; fonts; allocations: state,
\X@c=\dimen120
\Y@c=\dimen121
\U@c=\dimen122
\D@c=\dimen123
\L@c=\dimen124
\R@c=\dimen125
\Edge@c=\toks30
\X@p=\dimen126
\Y@p=\dimen127
\U@p=\dimen128
\D@p=\dimen129
\L@p=\dimen130
\R@p=\dimen131
\Edge@p=\toks31
\X@origin=\dimen132
\Y@origin=\dimen133
\X@xbase=\dimen134
\Y@xbase=\dimen135
\X@ybase=\dimen136
\Y@ybase=\dimen137
\X@min=\dimen138
\Y@min=\dimen139
\X@max=\dimen140
\Y@max=\dimen141
\lastobjectbox@=\box37
\zerodotbox@=\box38
\almostz@=\dimen142
 direction,
\d@X=\dimen143
\d@Y=\dimen144
\K@=\count102
\KK@=\count103
\Direction=\count104
\K@dXdY=\dimen145
\K@dYdX=\dimen146
\xyread@=\read1
\xywrite@=\write3
\csp@=\count105
\quotPTK@=\dimen147

utility macros; pictures: \xy, positions,
\swaptoks@@=\toks32
\connectobjectbox@@=\box39
 objects,
\styletoks@=\toks33
 decorations;
kernel objects: directionals, circles, text; options; algorithms: directions,
edges, connections;  Xy-pic loaded)
Package: xy 2013/10/06 Xy-pic version 3.8.9

(/Applications/TeXLive/Library/texlive/2013/texmf-dist/tex/generic/xypic/xyall.
tex  Xy-pic option: All features v.3.8
(/Applications/TeXLive/Library/texlive/2013/texmf-dist/tex/generic/xypic/xycurv
e.tex  Xy-pic option: Curve and Spline extension v.3.12 curve,
\crv@cnt@=\count106
\crvpts@=\toks34
\splinebox@=\box40
\splineval@=\dimen148
\splinedepth@=\dimen149
\splinetol@=\dimen150
\splinelength@=\dimen151
 circles,
\L@=\dimen152
 loaded)
(/Applications/TeXLive/Library/texlive/2013/texmf-dist/tex/generic/xypic/xyfram
e.tex  Xy-pic option: Frame and Bracket extension v.3.14 loaded)
(/Applications/TeXLive/Library/texlive/2013/texmf-dist/tex/generic/xypic/xycmti
p.tex  Xy-pic option: Computer Modern tip extension v.3.7
(/Applications/TeXLive/Library/texlive/2013/texmf-dist/tex/generic/xypic/xytips
.tex  Xy-pic option: More Tips extension v.3.11 loaded) loaded)
(/Applications/TeXLive/Library/texlive/2013/texmf-dist/tex/generic/xypic/xyline
.tex  Xy-pic option: Line styles extension v.3.10
\xylinethick@=\dimen153
 loaded)
(/Applications/TeXLive/Library/texlive/2013/texmf-dist/tex/generic/xypic/xyrota
te.tex  Xy-pic option: Rotate and Scale extension v.3.8 loaded)
(/Applications/TeXLive/Library/texlive/2013/texmf-dist/tex/generic/xypic/xycolo
r.tex  Xy-pic option: Colour extension v.3.11 loaded)
(/Applications/TeXLive/Library/texlive/2013/texmf-dist/tex/generic/xypic/xymatr
ix.tex  Xy-pic option: Matrix feature v.3.14
\Row=\count107
\Col=\count108
\queue@=\toks35
\queue@@=\toks36
\qcount@=\count109
\qcount@@=\count110
\matrixsize@=\count111
 loaded)
(/Applications/TeXLive/Library/texlive/2013/texmf-dist/tex/generic/xypic/xyarro
w.tex  Xy-pic option: Arrow and Path feature v.3.9 path, \ar, loaded)
(/Applications/TeXLive/Library/texlive/2013/texmf-dist/tex/generic/xypic/xygrap
h.tex  Xy-pic option: Graph feature v.3.11 loaded) loaded)
(/Applications/TeXLive/Library/texlive/2013/texmf-dist/tex/generic/xypic/xypdf.
tex  Xy-pic option: PDF driver v.1.7
Xy-pic pdf driver: `color' extension support
(/Applications/TeXLive/Library/texlive/2013/texmf-dist/tex/generic/xypic/xypdf-
co.tex loaded) Xy-pic pdf driver: `curve' extension support
(/Applications/TeXLive/Library/texlive/2013/texmf-dist/tex/generic/xypic/xypdf-
cu.tex loaded) Xy-pic pdf driver: `frame' extension support
(/Applications/TeXLive/Library/texlive/2013/texmf-dist/tex/generic/xypic/xypdf-
fr.tex loaded) Xy-pic pdf driver: `line' extension support
(/Applications/TeXLive/Library/texlive/2013/texmf-dist/tex/generic/xypic/xypdf-
li.tex loaded) Xy-pic pdf driver: `rotate' extension support
(/Applications/TeXLive/Library/texlive/2013/texmf-dist/tex/generic/xypic/xypdf-
ro.tex loaded) loaded))
(/Applications/TeXLive/Library/texlive/2013/texmf-dist/tex/latex/hyperref/hyper
ref.sty
Package: hyperref 2012/11/06 v6.83m Hypertext links for LaTeX

(/Applications/TeXLive/Library/texlive/2013/texmf-dist/tex/generic/oberdiek/hob
sub-hyperref.sty
Package: hobsub-hyperref 2012/05/28 v1.13 Bundle oberdiek, subset hyperref (HO)

(/Applications/TeXLive/Library/texlive/2013/texmf-dist/tex/generic/oberdiek/hob
sub-generic.sty
Package: hobsub-generic 2012/05/28 v1.13 Bundle oberdiek, subset generic (HO)
Package: hobsub 2012/05/28 v1.13 Construct package bundles (HO)
Package hobsub Info: Skipping package `infwarerr' (already loaded).
Package hobsub Info: Skipping package `ltxcmds' (already loaded).
Package hobsub Info: Skipping package `ifluatex' (already loaded).
Package: ifvtex 2010/03/01 v1.5 Detect VTeX and its facilities (HO)
Package ifvtex Info: VTeX not detected.
Package: intcalc 2007/09/27 v1.1 Expandable calculations with integers (HO)
Package hobsub Info: Skipping package `ifpdf' (already loaded).
Package: etexcmds 2011/02/16 v1.5 Avoid name clashes with e-TeX commands (HO)
Package: kvsetkeys 2012/04/25 v1.16 Key value parser (HO)
Package: kvdefinekeys 2011/04/07 v1.3 Define keys (HO)
Package hobsub Info: Skipping package `luatex-loader' (already loaded).
Package hobsub Info: Skipping package `pdftexcmds' (already loaded).
Package: pdfescape 2011/11/25 v1.13 Implements pdfTeX's escape features (HO)
Package: bigintcalc 2012/04/08 v1.3 Expandable calculations on big integers (HO)

Package: bitset 2011/01/30 v1.1 Handle bit-vector datatype (HO)
Package: uniquecounter 2011/01/30 v1.2 Provide unlimited unique counter (HO)
)
Package hobsub Info: Skipping package `hobsub' (already loaded).
Package: letltxmacro 2010/09/02 v1.4 Let assignment for LaTeX macros (HO)
Package: hopatch 2012/05/28 v1.2 Wrapper for package hooks (HO)
Package: xcolor-patch 2011/01/30 xcolor patch
Package: atveryend 2011/06/30 v1.8 Hooks at the very end of document (HO)
Package atveryend Info: \enddocument detected (standard20110627).
Package: atbegshi 2011/10/05 v1.16 At begin shipout hook (HO)
Package: refcount 2011/10/16 v3.4 Data extraction from label references (HO)
Package: hycolor 2011/01/30 v1.7 Color options for hyperref/bookmark (HO)
)
(/Applications/TeXLive/Library/texlive/2013/texmf-dist/tex/generic/ifxetex/ifxe
tex.sty
Package: ifxetex 2010/09/12 v0.6 Provides ifxetex conditional
)
(/Applications/TeXLive/Library/texlive/2013/texmf-dist/tex/latex/oberdiek/auxho
ok.sty
Package: auxhook 2011/03/04 v1.3 Hooks for auxiliary files (HO)
)
(/Applications/TeXLive/Library/texlive/2013/texmf-dist/tex/latex/oberdiek/kvopt
ions.sty
Package: kvoptions 2011/06/30 v3.11 Key value format for package options (HO)
)
\@linkdim=\dimen154
\Hy@linkcounter=\count112
\Hy@pagecounter=\count113

(/Applications/TeXLive/Library/texlive/2013/texmf-dist/tex/latex/hyperref/pd1en
c.def
File: pd1enc.def 2012/11/06 v6.83m Hyperref: PDFDocEncoding definition (HO)
)
\Hy@SavedSpaceFactor=\count114

(/Applications/TeXLive/Library/texlive/2013/texmf-dist/tex/latex/latexconfig/hy
perref.cfg
File: hyperref.cfg 2002/06/06 v1.2 hyperref configuration of TeXLive
)
Package hyperref Info: Option `bookmarksnumbered' set `true' on input line 4319.

Package hyperref Info: Option `colorlinks' set `true' on input line 4319.
Package hyperref Info: Option `linktocpage' set `true' on input line 4319.
Package hyperref Info: Hyper figures OFF on input line 4443.
Package hyperref Info: Link nesting OFF on input line 4448.
Package hyperref Info: Hyper index ON on input line 4451.
Package hyperref Info: Plain pages OFF on input line 4458.
Package hyperref Info: Backreferencing OFF on input line 4463.
Package hyperref Info: Implicit mode ON; LaTeX internals redefined.
Package hyperref Info: Bookmarks ON on input line 4688.
\c@Hy@tempcnt=\count115

(/Applications/TeXLive/Library/texlive/2013/texmf-dist/tex/latex/url/url.sty
\Urlmuskip=\muskip11
Package: url 2013/09/16  ver 3.4  Verb mode for urls, etc.
)
LaTeX Info: Redefining \url on input line 5041.
\XeTeXLinkMargin=\dimen155
\Fld@menulength=\count116
\Field@Width=\dimen156
\Fld@charsize=\dimen157
Package hyperref Info: Hyper figures OFF on input line 6295.
Package hyperref Info: Link nesting OFF on input line 6300.
Package hyperref Info: Hyper index ON on input line 6303.
Package hyperref Info: backreferencing OFF on input line 6310.
Package hyperref Info: Link coloring ON on input line 6313.
Package hyperref Info: Link coloring with OCG OFF on input line 6320.
Package hyperref Info: PDF/A mode OFF on input line 6325.
LaTeX Info: Redefining \ref on input line 6365.
LaTeX Info: Redefining \pageref on input line 6369.
\Hy@abspage=\count117
\c@Item=\count118
\c@Hfootnote=\count119
)

Package hyperref Message: Driver: hpdftex.


(/Applications/TeXLive/Library/texlive/2013/texmf-dist/tex/latex/hyperref/hpdft
ex.def
File: hpdftex.def 2012/11/06 v6.83m Hyperref driver for pdfTeX
\Fld@listcount=\count120
\c@bookmark@seq@number=\count121

(/Applications/TeXLive/Library/texlive/2013/texmf-dist/tex/latex/oberdiek/rerun
filecheck.sty
Package: rerunfilecheck 2011/04/15 v1.7 Rerun checks for auxiliary files (HO)
Package uniquecounter Info: New unique counter `rerunfilecheck' on input line 28
2.
)
\Hy@SectionHShift=\skip49
)
Package color Info: Redefining color refkey on input line 19.

(/Applications/TeXLive/Library/texlive/2013/texmf-dist/tex/latex/was/upgreek.st
y
Package: upgreek 2003/02/12 v2.0 (WaS)
Package upgreek Info: Using Euler Roman for upright Greek on input line 31.
\symugrf@m=\mathgroup6
LaTeX Font Info:    Overwriting symbol font `ugrf@m' in version `bold'
(Font)                  U/eur/m/n --> U/eur/b/n on input line 38.
)
(/Applications/TeXLive/Library/texlive/2013/texmf-dist/tex/latex/carlisle/slash
ed.sty
Package: slashed 1997/01/16 v0.01 Feynman Slashed Character Notation (DPC)
)
(/Applications/TeXLive/Library/texlive/2013/texmf-dist/tex/latex/pgf/frontendla
yer/tikz.sty
(/Applications/TeXLive/Library/texlive/2013/texmf-dist/tex/latex/pgf/basiclayer
/pgf.sty
(/Applications/TeXLive/Library/texlive/2013/texmf-dist/tex/latex/pgf/utilities/
pgfrcs.sty
(/Applications/TeXLive/Library/texlive/2013/texmf-dist/tex/generic/pgf/utilitie
s/pgfutil-common.tex
\pgfutil@everybye=\toks37
\pgfutil@tempdima=\dimen158
\pgfutil@tempdimb=\dimen159

(/Applications/TeXLive/Library/texlive/2013/texmf-dist/tex/generic/pgf/utilitie
s/pgfutil-common-lists.tex))
(/Applications/TeXLive/Library/texlive/2013/texmf-dist/tex/generic/pgf/utilitie
s/pgfutil-latex.def
\pgfutil@abb=\box41

(/Applications/TeXLive/Library/texlive/2013/texmf-dist/tex/latex/ms/everyshi.st
y
Package: everyshi 2001/05/15 v3.00 EveryShipout Package (MS)
))
(/Applications/TeXLive/Library/texlive/2013/texmf-dist/tex/generic/pgf/utilitie
s/pgfrcs.code.tex
Package: pgfrcs 2013/12/20 v3.0.0 (rcs-revision 1.28)
))
Package: pgf 2013/12/18 v3.0.0 (rcs-revision 1.14)

(/Applications/TeXLive/Library/texlive/2013/texmf-dist/tex/latex/pgf/basiclayer
/pgfcore.sty
(/Applications/TeXLive/Library/texlive/2013/texmf-dist/tex/latex/pgf/systemlaye
r/pgfsys.sty
(/Applications/TeXLive/Library/texlive/2013/texmf-dist/tex/generic/pgf/systemla
yer/pgfsys.code.tex
Package: pgfsys 2013/11/30 v3.0.0 (rcs-revision 1.47)

(/Applications/TeXLive/Library/texlive/2013/texmf-dist/tex/generic/pgf/utilitie
s/pgfkeys.code.tex
\pgfkeys@pathtoks=\toks38
\pgfkeys@temptoks=\toks39

(/Applications/TeXLive/Library/texlive/2013/texmf-dist/tex/generic/pgf/utilitie
s/pgfkeysfiltered.code.tex
\pgfkeys@tmptoks=\toks40
))
\pgf@x=\dimen160
\pgf@y=\dimen161
\pgf@xa=\dimen162
\pgf@ya=\dimen163
\pgf@xb=\dimen164
\pgf@yb=\dimen165
\pgf@xc=\dimen166
\pgf@yc=\dimen167
\w@pgf@writea=\write4
\r@pgf@reada=\read2
\c@pgf@counta=\count122
\c@pgf@countb=\count123
\c@pgf@countc=\count124
\c@pgf@countd=\count125
\t@pgf@toka=\toks41
\t@pgf@tokb=\toks42
\t@pgf@tokc=\toks43

(/Applications/TeXLive/Library/texlive/2013/texmf-dist/tex/generic/pgf/systemla
yer/pgf.cfg
File: pgf.cfg 2008/05/14  (rcs-revision 1.7)
)
Driver file for pgf: pgfsys-pdftex.def

(/Applications/TeXLive/Library/texlive/2013/texmf-dist/tex/generic/pgf/systemla
yer/pgfsys-pdftex.def
File: pgfsys-pdftex.def 2013/07/18  (rcs-revision 1.33)

(/Applications/TeXLive/Library/texlive/2013/texmf-dist/tex/generic/pgf/systemla
yer/pgfsys-common-pdf.def
File: pgfsys-common-pdf.def 2013/10/10  (rcs-revision 1.13)
)))
(/Applications/TeXLive/Library/texlive/2013/texmf-dist/tex/generic/pgf/systemla
yer/pgfsyssoftpath.code.tex
File: pgfsyssoftpath.code.tex 2013/09/09  (rcs-revision 1.9)
\pgfsyssoftpath@smallbuffer@items=\count126
\pgfsyssoftpath@bigbuffer@items=\count127
)
(/Applications/TeXLive/Library/texlive/2013/texmf-dist/tex/generic/pgf/systemla
yer/pgfsysprotocol.code.tex
File: pgfsysprotocol.code.tex 2006/10/16  (rcs-revision 1.4)
))
(/Applications/TeXLive/Library/texlive/2013/texmf-dist/tex/latex/xcolor/xcolor.
sty
Package: xcolor 2007/01/21 v2.11 LaTeX color extensions (UK)

(/Applications/TeXLive/Library/texlive/2013/texmf-dist/tex/latex/latexconfig/co
lor.cfg
File: color.cfg 2007/01/18 v1.5 color configuration of teTeX/TeXLive
)
Package xcolor Info: Driver file: pdftex.def on input line 225.
LaTeX Info: Redefining \color on input line 702.
Package xcolor Info: Model `cmy' substituted by `cmy0' on input line 1337.
Package xcolor Info: Model `hsb' substituted by `rgb' on input line 1341.
Package xcolor Info: Model `RGB' extended on input line 1353.
Package xcolor Info: Model `HTML' substituted by `rgb' on input line 1355.
Package xcolor Info: Model `Hsb' substituted by `hsb' on input line 1356.
Package xcolor Info: Model `tHsb' substituted by `hsb' on input line 1357.
Package xcolor Info: Model `HSB' substituted by `hsb' on input line 1358.
Package xcolor Info: Model `Gray' substituted by `gray' on input line 1359.
Package xcolor Info: Model `wave' substituted by `hsb' on input line 1360.
)
(/Applications/TeXLive/Library/texlive/2013/texmf-dist/tex/generic/pgf/basiclay
er/pgfcore.code.tex
Package: pgfcore 2010/04/11 v3.0.0 (rcs-revision 1.7)

(/Applications/TeXLive/Library/texlive/2013/texmf-dist/tex/generic/pgf/math/pgf
math.code.tex
(/Applications/TeXLive/Library/texlive/2013/texmf-dist/tex/generic/pgf/math/pgf
mathcalc.code.tex
(/Applications/TeXLive/Library/texlive/2013/texmf-dist/tex/generic/pgf/math/pgf
mathutil.code.tex)
(/Applications/TeXLive/Library/texlive/2013/texmf-dist/tex/generic/pgf/math/pgf
mathparser.code.tex
\pgfmath@dimen=\dimen168
\pgfmath@count=\count128
\pgfmath@box=\box42
\pgfmath@toks=\toks44
\pgfmath@stack@operand=\toks45
\pgfmath@stack@operation=\toks46
)
(/Applications/TeXLive/Library/texlive/2013/texmf-dist/tex/generic/pgf/math/pgf
mathfunctions.code.tex
(/Applications/TeXLive/Library/texlive/2013/texmf-dist/tex/generic/pgf/math/pgf
mathfunctions.basic.code.tex)
(/Applications/TeXLive/Library/texlive/2013/texmf-dist/tex/generic/pgf/math/pgf
mathfunctions.trigonometric.code.tex)
(/Applications/TeXLive/Library/texlive/2013/texmf-dist/tex/generic/pgf/math/pgf
mathfunctions.random.code.tex)
(/Applications/TeXLive/Library/texlive/2013/texmf-dist/tex/generic/pgf/math/pgf
mathfunctions.comparison.code.tex)
(/Applications/TeXLive/Library/texlive/2013/texmf-dist/tex/generic/pgf/math/pgf
mathfunctions.base.code.tex)
(/Applications/TeXLive/Library/texlive/2013/texmf-dist/tex/generic/pgf/math/pgf
mathfunctions.round.code.tex)
(/Applications/TeXLive/Library/texlive/2013/texmf-dist/tex/generic/pgf/math/pgf
mathfunctions.misc.code.tex)
(/Applications/TeXLive/Library/texlive/2013/texmf-dist/tex/generic/pgf/math/pgf
mathfunctions.integerarithmetics.code.tex)))
(/Applications/TeXLive/Library/texlive/2013/texmf-dist/tex/generic/pgf/math/pgf
mathfloat.code.tex
\c@pgfmathroundto@lastzeros=\count129
))
(/Applications/TeXLive/Library/texlive/2013/texmf-dist/tex/generic/pgf/basiclay
er/pgfcorepoints.code.tex
File: pgfcorepoints.code.tex 2013/10/07  (rcs-revision 1.27)
\pgf@picminx=\dimen169
\pgf@picmaxx=\dimen170
\pgf@picminy=\dimen171
\pgf@picmaxy=\dimen172
\pgf@pathminx=\dimen173
\pgf@pathmaxx=\dimen174
\pgf@pathminy=\dimen175
\pgf@pathmaxy=\dimen176
\pgf@xx=\dimen177
\pgf@xy=\dimen178
\pgf@yx=\dimen179
\pgf@yy=\dimen180
\pgf@zx=\dimen181
\pgf@zy=\dimen182
)
(/Applications/TeXLive/Library/texlive/2013/texmf-dist/tex/generic/pgf/basiclay
er/pgfcorepathconstruct.code.tex
File: pgfcorepathconstruct.code.tex 2013/10/07  (rcs-revision 1.29)
\pgf@path@lastx=\dimen183
\pgf@path@lasty=\dimen184
)
(/Applications/TeXLive/Library/texlive/2013/texmf-dist/tex/generic/pgf/basiclay
er/pgfcorepathusage.code.tex
File: pgfcorepathusage.code.tex 2013/12/13  (rcs-revision 1.23)
\pgf@shorten@end@additional=\dimen185
\pgf@shorten@start@additional=\dimen186
)
(/Applications/TeXLive/Library/texlive/2013/texmf-dist/tex/generic/pgf/basiclay
er/pgfcorescopes.code.tex
File: pgfcorescopes.code.tex 2013/10/09  (rcs-revision 1.44)
\pgfpic=\box43
\pgf@hbox=\box44
\pgf@layerbox@main=\box45
\pgf@picture@serial@count=\count130
)
(/Applications/TeXLive/Library/texlive/2013/texmf-dist/tex/generic/pgf/basiclay
er/pgfcoregraphicstate.code.tex
File: pgfcoregraphicstate.code.tex 2013/09/19  (rcs-revision 1.11)
\pgflinewidth=\dimen187
)
(/Applications/TeXLive/Library/texlive/2013/texmf-dist/tex/generic/pgf/basiclay
er/pgfcoretransformations.code.tex
File: pgfcoretransformations.code.tex 2013/10/10  (rcs-revision 1.17)
\pgf@pt@x=\dimen188
\pgf@pt@y=\dimen189
\pgf@pt@temp=\dimen190
)
(/Applications/TeXLive/Library/texlive/2013/texmf-dist/tex/generic/pgf/basiclay
er/pgfcorequick.code.tex
File: pgfcorequick.code.tex 2008/10/09  (rcs-revision 1.3)
)
(/Applications/TeXLive/Library/texlive/2013/texmf-dist/tex/generic/pgf/basiclay
er/pgfcoreobjects.code.tex
File: pgfcoreobjects.code.tex 2006/10/11  (rcs-revision 1.2)
)
(/Applications/TeXLive/Library/texlive/2013/texmf-dist/tex/generic/pgf/basiclay
er/pgfcorepathprocessing.code.tex
File: pgfcorepathprocessing.code.tex 2013/09/09  (rcs-revision 1.9)
)
(/Applications/TeXLive/Library/texlive/2013/texmf-dist/tex/generic/pgf/basiclay
er/pgfcorearrows.code.tex
File: pgfcorearrows.code.tex 2013/11/07  (rcs-revision 1.40)
\pgfarrowsep=\dimen191
)
(/Applications/TeXLive/Library/texlive/2013/texmf-dist/tex/generic/pgf/basiclay
er/pgfcoreshade.code.tex
File: pgfcoreshade.code.tex 2013/07/15  (rcs-revision 1.15)
\pgf@max=\dimen192
\pgf@sys@shading@range@num=\count131
)
(/Applications/TeXLive/Library/texlive/2013/texmf-dist/tex/generic/pgf/basiclay
er/pgfcoreimage.code.tex
File: pgfcoreimage.code.tex 2013/07/15  (rcs-revision 1.18)

(/Applications/TeXLive/Library/texlive/2013/texmf-dist/tex/generic/pgf/basiclay
er/pgfcoreexternal.code.tex
File: pgfcoreexternal.code.tex 2013/07/15  (rcs-revision 1.20)
\pgfexternal@startupbox=\box46
))
(/Applications/TeXLive/Library/texlive/2013/texmf-dist/tex/generic/pgf/basiclay
er/pgfcorelayers.code.tex
File: pgfcorelayers.code.tex 2013/07/18  (rcs-revision 1.7)
)
(/Applications/TeXLive/Library/texlive/2013/texmf-dist/tex/generic/pgf/basiclay
er/pgfcoretransparency.code.tex
File: pgfcoretransparency.code.tex 2013/09/30  (rcs-revision 1.5)
)
(/Applications/TeXLive/Library/texlive/2013/texmf-dist/tex/generic/pgf/basiclay
er/pgfcorepatterns.code.tex
File: pgfcorepatterns.code.tex 2013/11/07  (rcs-revision 1.5)
)))
(/Applications/TeXLive/Library/texlive/2013/texmf-dist/tex/generic/pgf/modules/
pgfmoduleshapes.code.tex
File: pgfmoduleshapes.code.tex 2013/10/31  (rcs-revision 1.34)
\pgfnodeparttextbox=\box47
)
(/Applications/TeXLive/Library/texlive/2013/texmf-dist/tex/generic/pgf/modules/
pgfmoduleplot.code.tex
File: pgfmoduleplot.code.tex 2013/07/31  (rcs-revision 1.12)
)
(/Applications/TeXLive/Library/texlive/2013/texmf-dist/tex/latex/pgf/compatibil
ity/pgfcomp-version-0-65.sty
Package: pgfcomp-version-0-65 2007/07/03 v3.0.0 (rcs-revision 1.7)
\pgf@nodesepstart=\dimen193
\pgf@nodesepend=\dimen194
)
(/Applications/TeXLive/Library/texlive/2013/texmf-dist/tex/latex/pgf/compatibil
ity/pgfcomp-version-1-18.sty
Package: pgfcomp-version-1-18 2007/07/23 v3.0.0 (rcs-revision 1.1)
))
(/Applications/TeXLive/Library/texlive/2013/texmf-dist/tex/latex/pgf/utilities/
pgffor.sty
(/Applications/TeXLive/Library/texlive/2013/texmf-dist/tex/latex/pgf/utilities/
pgfkeys.sty
(/Applications/TeXLive/Library/texlive/2013/texmf-dist/tex/generic/pgf/utilitie
s/pgfkeys.code.tex))
(/Applications/TeXLive/Library/texlive/2013/texmf-dist/tex/latex/pgf/math/pgfma
th.sty
(/Applications/TeXLive/Library/texlive/2013/texmf-dist/tex/generic/pgf/math/pgf
math.code.tex))
(/Applications/TeXLive/Library/texlive/2013/texmf-dist/tex/generic/pgf/utilitie
s/pgffor.code.tex
Package: pgffor 2013/12/13 v3.0.0 (rcs-revision 1.25)

(/Applications/TeXLive/Library/texlive/2013/texmf-dist/tex/generic/pgf/math/pgf
math.code.tex)
\pgffor@iter=\dimen195
\pgffor@skip=\dimen196
\pgffor@stack=\toks47
\pgffor@toks=\toks48
))
(/Applications/TeXLive/Library/texlive/2013/texmf-dist/tex/generic/pgf/frontend
layer/tikz/tikz.code.tex
Package: tikz 2013/12/13 v3.0.0 (rcs-revision 1.142)

(/Applications/TeXLive/Library/texlive/2013/texmf-dist/tex/generic/pgf/librarie
s/pgflibraryplothandlers.code.tex
File: pgflibraryplothandlers.code.tex 2013/08/31 v3.0.0 (rcs-revision 1.20)
\pgf@plot@mark@count=\count132
\pgfplotmarksize=\dimen197
)
\tikz@lastx=\dimen198
\tikz@lasty=\dimen199
\tikz@lastxsaved=\dimen200
\tikz@lastysaved=\dimen201
\tikzleveldistance=\dimen202
\tikzsiblingdistance=\dimen203
\tikz@figbox=\box48
\tikz@figbox@bg=\box49
\tikz@tempbox=\box50
\tikz@tempbox@bg=\box51
\tikztreelevel=\count133
\tikznumberofchildren=\count134
\tikznumberofcurrentchild=\count135
\tikz@fig@count=\count136

(/Applications/TeXLive/Library/texlive/2013/texmf-dist/tex/generic/pgf/modules/
pgfmodulematrix.code.tex
File: pgfmodulematrix.code.tex 2013/09/17  (rcs-revision 1.8)
\pgfmatrixcurrentrow=\count137
\pgfmatrixcurrentcolumn=\count138
\pgf@matrix@numberofcolumns=\count139
)
\tikz@expandcount=\count140

(/Applications/TeXLive/Library/texlive/2013/texmf-dist/tex/generic/pgf/frontend
layer/tikz/libraries/tikzlibrarytopaths.code.tex
File: tikzlibrarytopaths.code.tex 2008/06/17 v3.0.0 (rcs-revision 1.2)
)))
(/Applications/TeXLive/Library/texlive/2013/texmf-dist/tex/latex/subfig/subfig.
sty
Package: subfig 2005/06/28 ver: 1.3 subfig package

(/Applications/TeXLive/Library/texlive/2013/texmf-dist/tex/latex/caption/captio
n3.sty
Package: caption3 2013/05/02 v1.6-88 caption3 kernel (AR)
Package caption3 Info: TeX engine: e-TeX on input line 57.
\captionmargin=\dimen204
\captionmargin@=\dimen205
\captionwidth=\dimen206
\caption@tempdima=\dimen207
\caption@indent=\dimen208
\caption@parindent=\dimen209
\caption@hangindent=\dimen210
)
\c@KVtest=\count141
\sf@farskip=\skip50
\sf@captopadj=\dimen211
\sf@capskip=\skip51
\sf@nearskip=\skip52
\c@subfigure=\count142
\c@subfigure@save=\count143
\c@lofdepth=\count144
\c@subtable=\count145
\c@subtable@save=\count146
\c@lotdepth=\count147
\sf@top=\skip53
\sf@bottom=\skip54
)
(/Applications/TeXLive/Library/texlive/2013/texmf-dist/tex/generic/pgf/frontend
layer/tikz/libraries/tikzlibrarycalc.code.tex
File: tikzlibrarycalc.code.tex 2013/07/15 v3.0.0 (rcs-revision 1.9)
)
(/Applications/TeXLive/Library/texlive/2013/texmf-dist/tex/generic/pgf/frontend
layer/tikz/libraries/tikzlibrarypositioning.code.tex
File: tikzlibrarypositioning.code.tex 2008/10/06 v3.0.0 (rcs-revision 1.7)
)
(/Applications/TeXLive/Library/texlive/2013/texmf-dist/tex/generic/pgf/frontend
layer/tikz/libraries/tikzlibrarydecorations.markings.code.tex
(/Applications/TeXLive/Library/texlive/2013/texmf-dist/tex/generic/pgf/frontend
layer/tikz/libraries/tikzlibrarydecorations.code.tex
(/Applications/TeXLive/Library/texlive/2013/texmf-dist/tex/generic/pgf/modules/
pgfmoduledecorations.code.tex
\pgfdecoratedcompleteddistance=\dimen212
\pgfdecoratedremainingdistance=\dimen213
\pgfdecoratedinputsegmentcompleteddistance=\dimen214
\pgfdecoratedinputsegmentremainingdistance=\dimen215
\pgf@decorate@distancetomove=\dimen216
\pgf@decorate@repeatstate=\count148
\pgfdecorationsegmentamplitude=\dimen217
\pgfdecorationsegmentlength=\dimen218
)
\tikz@lib@dec@box=\box52
)
(/Applications/TeXLive/Library/texlive/2013/texmf-dist/tex/generic/pgf/librarie
s/decorations/pgflibrarydecorations.markings.code.tex))
(/Applications/TeXLive/Library/texlive/2013/texmf-dist/tex/generic/pgf/frontend
layer/tikz/libraries/tikzlibraryarrows.code.tex
File: tikzlibraryarrows.code.tex 2008/01/09 v3.0.0 (rcs-revision 1.1)

(/Applications/TeXLive/Library/texlive/2013/texmf-dist/tex/generic/pgf/librarie
s/pgflibraryarrows.code.tex
File: pgflibraryarrows.code.tex 2013/09/23 v3.0.0 (rcs-revision 1.16)
\arrowsize=\dimen219
))
(/Applications/TeXLive/Library/texlive/2013/texmf-dist/tex/generic/pgf/frontend
layer/tikz/libraries/tikzlibrarybending.code.tex
File: tikzlibrarybending.code.tex 2013/09/17 v3.0.0 (rcs-revision 1.2)

(/Applications/TeXLive/Library/texlive/2013/texmf-dist/tex/generic/pgf/modules/
pgfmodulebending.code.tex
File: pgfmodulebending.code.tex 2013/09/30 v3.0.0 (rcs-revision 1.18)

(/Applications/TeXLive/Library/texlive/2013/texmf-dist/tex/generic/pgf/modules/
pgfmodulenonlineartransformations.code.tex
File: pgfmodulenonlineartransformations.code.tex 2013/10/09 v3.0.0 (rcs-revision
 1.4)
\pgftransformnonlinearflatness=\dimen220
)
(/Applications/TeXLive/Library/texlive/2013/texmf-dist/tex/generic/pgf/librarie
s/pgflibrarycurvilinear.code.tex
File: pgflibrarycurvilinear.code.tex 2013/10/07 v3.0.0 (rcs-revision 1.3)
\pgf@curvilinear@time@a=\dimen221
\pgf@curvilinear@length@a=\dimen222
\pgf@curvilinear@length@b=\dimen223
\pgf@curvilinear@length@c=\dimen224
\pgf@curvilinear@length@d=\dimen225
)
\pgf@arrows@the@rigidity=\dimen226
)))
\@input{Common/begin2.aux}
(./Common/begin2.tex (./Sec2.aux (./Common/endbib.aux))
LaTeX Font Info:    Checking defaults for OML/cmm/m/it on input line 1.
LaTeX Font Info:    ... okay on input line 1.
LaTeX Font Info:    Checking defaults for T1/cmr/m/n on input line 1.
LaTeX Font Info:    ... okay on input line 1.
LaTeX Font Info:    Checking defaults for OT1/cmr/m/n on input line 1.
LaTeX Font Info:    ... okay on input line 1.
LaTeX Font Info:    Checking defaults for OMS/cmsy/m/n on input line 1.
LaTeX Font Info:    ... okay on input line 1.
LaTeX Font Info:    Checking defaults for OMX/cmex/m/n on input line 1.
LaTeX Font Info:    ... okay on input line 1.
LaTeX Font Info:    Checking defaults for U/cmr/m/n on input line 1.
LaTeX Font Info:    ... okay on input line 1.
LaTeX Font Info:    Checking defaults for PD1/pdf/m/n on input line 1.
LaTeX Font Info:    ... okay on input line 1.

(/Applications/TeXLive/Library/texlive/2013/texmf-dist/tex/context/base/supp-pd
f.mkii
[Loading MPS to PDF converter (version 2006.09.02).]
\scratchcounter=\count149
\scratchdimen=\dimen227
\scratchbox=\box53
\nofMPsegments=\count150
\nofMParguments=\count151
\everyMPshowfont=\toks49
\MPscratchCnt=\count152
\MPscratchDim=\dimen228
\MPnumerator=\count153
\makeMPintoPDFobject=\count154
\everyMPtoPDFconversion=\toks50
)
(/Applications/TeXLive/Library/texlive/2013/texmf-dist/tex/latex/oberdiek/epsto
pdf-base.sty
Package: epstopdf-base 2010/02/09 v2.5 Base part for package epstopdf

(/Applications/TeXLive/Library/texlive/2013/texmf-dist/tex/latex/oberdiek/grfex
t.sty
Package: grfext 2010/08/19 v1.1 Manage graphics extensions (HO)
)
Package grfext Info: Graphics extension search list:
(grfext)             [.png,.pdf,.jpg,.mps,.jpeg,.jbig2,.jb2,.PNG,.PDF,.JPG,.JPEG
,.JBIG2,.JB2,.eps]
(grfext)             \AppendGraphicsExtensions on input line 452.

(/Applications/TeXLive/Library/texlive/2013/texmf-dist/tex/latex/latexconfig/ep
stopdf-sys.cfg
File: epstopdf-sys.cfg 2010/07/13 v1.3 Configuration of (r)epstopdf for TeX Live

))
LaTeX Font Info:    Try loading font information for U+msa on input line 1.

(/Applications/TeXLive/Library/texlive/2013/texmf-dist/tex/latex/amsfonts/umsa.
fd
File: umsa.fd 2013/01/14 v3.01 AMS symbols A
)
LaTeX Font Info:    Try loading font information for U+msb on input line 1.

(/Applications/TeXLive/Library/texlive/2013/texmf-dist/tex/latex/amsfonts/umsb.
fd
File: umsb.fd 2013/01/14 v3.01 AMS symbols B
)
Package xypdf Info: Line width: 0.43799pt on input line 1.
\AtBeginShipoutBox=\box54
Package hyperref Info: Link coloring ON on input line 1.

(/Applications/TeXLive/Library/texlive/2013/texmf-dist/tex/latex/hyperref/namer
ef.sty
Package: nameref 2012/10/27 v2.43 Cross-referencing by name of section

(/Applications/TeXLive/Library/texlive/2013/texmf-dist/tex/generic/oberdiek/get
titlestring.sty
Package: gettitlestring 2010/12/03 v1.4 Cleanup title references (HO)
)
\c@section@level=\count155
)
LaTeX Info: Redefining \ref on input line 1.
LaTeX Info: Redefining \pageref on input line 1.
LaTeX Info: Redefining \nameref on input line 1.
 (./Sec2.out) (./Sec2.out)
\@outlinefile=\write5

ABD: EveryShipout initializing macros
Package caption Info: Begin \AtBeginDocument code.
Package caption Info: subfig package v1.3 is loaded.
Package caption Info: End \AtBeginDocument code.
)

Package xcolor Warning: Incompatible color definition on input line 22.


Package xcolor Warning: Incompatible color definition on input line 40.

LaTeX Font Info:    Try loading font information for OMS+cmr on input line 57.

(/Applications/TeXLive/Library/texlive/2013/texmf-dist/tex/latex/base/omscmr.fd
File: omscmr.fd 1999/05/25 v2.5h Standard LaTeX font definitions
)
LaTeX Font Info:    Font shape `OMS/cmr/m/n' in size <10.95> not available
(Font)              Font shape `OMS/cmsy/m/n' tried instead on input line 57.
 [1





{/Users/Shared/TeXLive/texmf-var/fonts/map/pdftex/updmap/pdftex.map}]

Package xcolor Warning: Incompatible color definition on input line 115.


Package xcolor Warning: Incompatible color definition on input line 127.


Package xcolor Warning: Incompatible color definition on input line 129.


Package xcolor Warning: Incompatible color definition on input line 140.

[2]
Overfull \hbox (32.53156pt too wide) in paragraph at lines 192--197
\OT1/cmr/m/n/10.95 1$)-dimensional man-i-folds, and thus we learn that the lin-
ear map given above sat-is-fies $\OML/cmm/m/it/10.95 U [] U [] \OT1/cmr/m/n/10.
95 =
 []


Package hyperref Warning: Token not allowed in a PDF string (PDFDocEncoding):
(hyperref)                removing `math shift' on input line 208.


Package hyperref Warning: Token not allowed in a PDF string (PDFDocEncoding):
(hyperref)                removing `math shift' on input line 208.

[3]

Package xcolor Warning: Incompatible color definition on input line 268.


Package xcolor Warning: Incompatible color definition on input line 273.


Package xcolor Warning: Incompatible color definition on input line 280.


Package xcolor Warning: Incompatible color definition on input line 281.

[4]

Package xcolor Warning: Incompatible color definition on input line 287.


Package xcolor Warning: Incompatible color definition on input line 293.


Package xcolor Warning: Incompatible color definition on input line 293.


Package xcolor Warning: Incompatible color definition on input line 300.


Package xcolor Warning: Incompatible color definition on input line 303.

[5]

Package xcolor Warning: Incompatible color definition on input line 377.

[6]

Package xcolor Warning: Incompatible color definition on input line 405.


Overfull \hbox (1.4669pt too wide) in paragraph at lines 419--421
[][]\OT1/cmr/m/n/10.95 For each ori-ented $\OML/cmm/m/it/10.95 d$\OT1/cmr/m/n/1
0.95 -dimensional closed man-i-fold $\OML/cmm/m/it/10.95 N$\OT1/cmr/m/n/10.95 ,
 as-signs a fi-nite di-men-sional $\U/msb/m/n/10.95 C$\OT1/cmr/m/n/10.95 -vecto
r
 []

[7]

Package xcolor Warning: Incompatible color definition on input line 489.


Package xcolor Warning: Incompatible color definition on input line 504.


Package xcolor Warning: Incompatible color definition on input line 506.

[8] [9] [10] [11] [12] [13]

Package xcolor Warning: Incompatible color definition on input line 876.


Package xcolor Warning: Incompatible color definition on input line 894.


Package xcolor Warning: Incompatible color definition on input line 896.

[14]

Package xcolor Warning: Incompatible color definition on input line 992.

[15]

Package xcolor Warning: Incompatible color definition on input line 1007.


Package xcolor Warning: Incompatible color definition on input line 1033.


Package xcolor Warning: Incompatible color definition on input line 1065.


Package xcolor Warning: Incompatible color definition on input line 1090.


Package xcolor Warning: Incompatible color definition on input line 1122.


Package xcolor Warning: Incompatible color definition on input line 1127.


Package xcolor Warning: Incompatible color definition on input line 1132.

[16]

Package xcolor Warning: Incompatible color definition on input line 1211.

[17]

Package xcolor Warning: Incompatible color definition on input line 1368.

[18] [19] [20]

Package xcolor Warning: Incompatible color definition on input line 1630.


Package xcolor Warning: Incompatible color definition on input line 1653.

[21] [22]

Package xcolor Warning: Incompatible color definition on input line 1753.


Package xcolor Warning: Incompatible color definition on input line 1754.

[23]

Package xcolor Warning: Incompatible color definition on input line 1882.

LaTeX Font Info:    Try loading font information for U+euf on input line 1885.

(/Applications/TeXLive/Library/texlive/2013/texmf-dist/tex/latex/amsfonts/ueuf.
fd
File: ueuf.fd 2013/01/14 v3.01 Euler Fraktur
) [24] (./Common/endbib.tex (./Sec2.bbl [25

]) [26]
Package atveryend Info: Empty hook `BeforeClearDocument' on input line 7.
Package atveryend Info: Empty hook `AfterLastShipout' on input line 7.
 (./Sec2.aux
(./Common/endbib.aux))
Package atveryend Info: Executing hook `AtVeryEndDocument' on input line 7.
Package atveryend Info: Executing hook `AtEndAfterFileList' on input line 7.
Package rerunfilecheck Info: File `Sec2.out' has not changed.
(rerunfilecheck)             Checksum: D261CB50640314C105A47C7B1ABF966C;1090.


LaTeX Warning: Label(s) may have changed. Rerun to get cross-references right.

Package atveryend Info: Empty hook `AtVeryVeryEnd' on input line 7.
 ) )
(\end occurred when \iftrue on line 1924 was incomplete)
(\end occurred when \if on line 1924 was incomplete)

Here is how much of LuaTeX's memory you used:
 22089 strings out of 494698
 100000,552014 words of node,token memory allocated
 1492 words of node memory still in use:
   7 hlist, 2 vlist, 3 rule, 2 glue, 72 kern, 45 glue_spec, 10 action, 1 write n
odes
   avail lists: 2:28,3:1985,4:1074,5:205,6:3435,7:178,8:40,9:463,10:320
 24607 multiletter control sequences out of 65536+600000
 105 fonts using 4136551 bytes
 59i,18n,69p,3364b,940s stack positions out of 5000i,500n,10000p,200000b,100000s
</Applications/TeXLive/Library/texlive/2013/texmf-dist/fonts/type1/public/amsfon
ts/cm/cmbx10.pfb></Applications/TeXLive/Library/texlive/2013/texmf-dist/fonts/ty
pe1/public/amsfonts/cm/cmbx12.pfb></Applications/TeXLive/Library/texlive/2013/te
xmf-dist/fonts/type1/public/amsfonts/cm/cmbx8.pfb></Applications/TeXLive/Library
/texlive/2013/texmf-dist/fonts/type1/public/amsfonts/cm/cmex10.pfb></Application
s/TeXLive/Library/texlive/2013/texmf-dist/fonts/type1/public/amsfonts/cmextra/cm
ex8.pfb></Applications/TeXLive/Library/texlive/2013/texmf-dist/fonts/type1/publi
c/amsfonts/cm/cmmi10.pfb></Applications/TeXLive/Library/texlive/2013/texmf-dist/
fonts/type1/public/amsfonts/cm/cmmi6.pfb></Applications/TeXLive/Library/texlive/
2013/texmf-dist/fonts/type1/public/amsfonts/cm/cmmi8.pfb></Applications/TeXLive/
Library/texlive/2013/texmf-dist/fonts/type1/public/amsfonts/cm/cmmi9.pfb></Appli
cations/TeXLive/Library/texlive/2013/texmf-dist/fonts/type1/public/amsfonts/cm/c
mr10.pfb></Applications/TeXLive/Library/texlive/2013/texmf-dist/fonts/type1/publ
ic/amsfonts/cm/cmr6.pfb></Applications/TeXLive/Library/texlive/2013/texmf-dist/f
onts/type1/public/amsfonts/cm/cmr8.pfb></Applications/TeXLive/Library/texlive/20
13/texmf-dist/fonts/type1/public/amsfonts/cm/cmr9.pfb></Applications/TeXLive/Lib
rary/texlive/2013/texmf-dist/fonts/type1/public/amsfonts/cm/cmss10.pfb></Applica
tions/TeXLive/Library/texlive/2013/texmf-dist/fonts/type1/public/amsfonts/cm/cms
s8.pfb></Applications/TeXLive/Library/texlive/2013/texmf-dist/fonts/type1/public
/amsfonts/cm/cmsy10.pfb></Applications/TeXLive/Library/texlive/2013/texmf-dist/f
onts/type1/public/amsfonts/cm/cmsy6.pfb></Applications/TeXLive/Library/texlive/2
013/texmf-dist/fonts/type1/public/amsfonts/cm/cmsy8.pfb></Applications/TeXLive/L
ibrary/texlive/2013/texmf-dist/fonts/type1/public/amsfonts/cm/cmsy9.pfb></Applic
ations/TeXLive/Library/texlive/2013/texmf-dist/fonts/type1/public/amsfonts/cm/cm
ti10.pfb></Applications/TeXLive/Library/texlive/2013/texmf-dist/fonts/type1/publ
ic/amsfonts/cm/cmtt10.pfb></Applications/TeXLive/Library/texlive/2013/texmf-dist
/fonts/type1/public/amsfonts/cm/cmtt9.pfb></Applications/TeXLive/Library/texlive
/2013/texmf-dist/fonts/type1/public/amsfonts/euler/eufm10.pfb></Applications/TeX
Live/Library/texlive/2013/texmf-dist/fonts/type1/public/amsfonts/symbols/msam10.
pfb></Applications/TeXLive/Library/texlive/2013/texmf-dist/fonts/type1/public/am
sfonts/symbols/msbm10.pfb>
Output written on Sec2.pdf (26 pages, 413706 bytes).

PDF statistics: 526 PDF objects out of 1000 (max. 8388607)
 468 compressed objects within 5 object streams
 184 named destinations out of 1000 (max. 131072)
 112 words of extra memory for PDF output out of 10000 (max. 10000000)

